<?xml version="1.0" encoding="UTF-8"?>
<!-- Generated by org.testng.reporters.JUnitXMLReporter -->
<testsuite hostname="LAPTOP-EG3C4IFC" ignored="0" name="Surefire test" tests="3" failures="0" timestamp="2020-07-17T18:51:37 EDT" time="91.174" errors="0">
  <testcase name="verifyusercancreatenewEvent" time="5.207" classname="com.bitrix24.qa.testcases.CalendarPageTest"/>
  <testcase name="clickCRM" time="3.394" classname="com.bitrix24.qa.testcases.HomePageTest"/>
  <testcase name="validateLoginpage" time="18.231" classname="com.bitrix24.qa.testcases.LogInPageTest"/>
</testsuite> <!-- Surefire test -->
