<?xml version="1.0" encoding="UTF-8"?>
<!-- Generated by org.testng.reporters.JUnitXMLReporter -->
<testsuite hostname="LAPTOP-EG3C4IFC" ignored="0" name="Surefire test" tests="5" failures="0" timestamp="2020-07-16T17:19:17 EDT" time="115.025" errors="0">
  <testcase name="verifyuserisinCalendarPage" time="0.02" classname="com.bitrix24.qa.testcases.CalendarPageTest"/>
  <testcase name="verifyusercancreatenewEvent" time="3.927" classname="com.bitrix24.qa.testcases.CalendarPageTest"/>
  <testcase name="verifyTiitle" time="0.005" classname="com.bitrix24.qa.testcases.HomePageTest"/>
  <testcase name="validateCRMLink" time="3.48" classname="com.bitrix24.qa.testcases.HomePageTest"/>
  <testcase name="validateLoginpage" time="14.8" classname="com.bitrix24.qa.testcases.LogInPageTest"/>
</testsuite> <!-- Surefire test -->
