<?xml version="1.0" encoding="UTF-8"?>
<!-- Generated by org.testng.reporters.JUnitXMLReporter -->
<testsuite hostname="LAPTOP-EG3C4IFC" ignored="0" name="Default test" tests="2" failures="0" timestamp="2020-07-17T14:14:51 EDT" time="67.733" errors="0">
  <testcase name="verifyuserisinCalendarPage" time="0.09" classname="com.bitrix24.qa.testcases.CalendarPageTest"/>
  <testcase name="verifyusercancreatenewEvent" time="3.595" classname="com.bitrix24.qa.testcases.CalendarPageTest"/>
</testsuite> <!-- Default test -->
