<?xml version="1.0" encoding="UTF-8"?>
<!-- Generated by org.testng.reporters.JUnitXMLReporter -->
<testsuite hostname="LAPTOP-EG3C4IFC" ignored="0" name="Test" tests="6" failures="0" timestamp="2020-07-16T20:01:06 EDT" time="163.245" errors="0">
  <testcase name="verifyuserisinCalendarPage" time="0.019" classname="com.bitrix24.qa.testcases.CalendarPageTest"/>
  <testcase name="verifyusercancreatenewEvent" time="5.409" classname="com.bitrix24.qa.testcases.CalendarPageTest"/>
  <testcase name="validatecrmtabisClicked" time="8.777" classname="com.bitrix24.qa.testcases.CRMPagetest"/>
  <testcase name="verifyTiitle" time="0.006" classname="com.bitrix24.qa.testcases.HomePageTest"/>
  <testcase name="validateCRMLink" time="1.924" classname="com.bitrix24.qa.testcases.HomePageTest"/>
  <testcase name="validateLoginpage" time="18.376" classname="com.bitrix24.qa.testcases.LogInPageTest"/>
</testsuite> <!-- Test -->
