<?xml version="1.0" encoding="UTF-8"?>
<!-- Generated by org.testng.reporters.JUnitXMLReporter -->
<testsuite hostname="LAPTOP-EG3C4IFC" ignored="0" name="Test" tests="4" failures="0" timestamp="2020-07-17T18:49:23 EDT" time="124.442" errors="0">
  <testcase name="verifyusercancreatenewEvent" time="3.215" classname="com.bitrix24.qa.testcases.CalendarPageTest"/>
  <testcase name="validatecrmtabisClicked" time="8.521" classname="com.bitrix24.qa.testcases.CRMPagetest"/>
  <testcase name="clickCRM" time="3.179" classname="com.bitrix24.qa.testcases.HomePageTest"/>
  <testcase name="validateLoginpage" time="17.994" classname="com.bitrix24.qa.testcases.LogInPageTest"/>
</testsuite> <!-- Test -->
