<?xml version="1.0" encoding="UTF-8"?>
<testng-results skipped="0" failed="0" ignored="0" total="5" passed="5">
  <reporter-output>
  </reporter-output>
  <suite name="Surefire suite" duration-ms="115025" started-at="2020-07-16T17:17:21 EDT" finished-at="2020-07-16T17:19:16 EDT">
    <groups>
    </groups>
    <test name="Surefire test" duration-ms="115025" started-at="2020-07-16T17:17:21 EDT" finished-at="2020-07-16T17:19:16 EDT">
      <class name="com.bitrix24.qa.testcases.CalendarPageTest">
        <test-method status="PASS" signature="Setup()[pri:0, instance:com.bitrix24.qa.testcases.CalendarPageTest@7085bdee]" name="Setup" is-config="true" duration-ms="17662" started-at="2020-07-16T17:17:21 EDT" finished-at="2020-07-16T17:17:39 EDT">
          <reporter-output>
          </reporter-output>
        </test-method> <!-- Setup -->
        <test-method status="PASS" signature="verifyuserisinCalendarPage()[pri:1, instance:com.bitrix24.qa.testcases.CalendarPageTest@7085bdee]" name="verifyuserisinCalendarPage" duration-ms="20" started-at="2020-07-16T17:17:39 EDT" finished-at="2020-07-16T17:17:39 EDT">
          <reporter-output>
          </reporter-output>
        </test-method> <!-- verifyuserisinCalendarPage -->
        <test-method status="PASS" signature="tearDown()[pri:0, instance:com.bitrix24.qa.testcases.CalendarPageTest@7085bdee]" name="tearDown" is-config="true" duration-ms="1205" started-at="2020-07-16T17:17:39 EDT" finished-at="2020-07-16T17:17:40 EDT">
          <reporter-output>
          </reporter-output>
        </test-method> <!-- tearDown -->
        <test-method status="PASS" signature="Setup()[pri:0, instance:com.bitrix24.qa.testcases.CalendarPageTest@7085bdee]" name="Setup" is-config="true" duration-ms="19655" started-at="2020-07-16T17:17:40 EDT" finished-at="2020-07-16T17:18:00 EDT">
          <reporter-output>
          </reporter-output>
        </test-method> <!-- Setup -->
        <test-method status="PASS" signature="verifyusercancreatenewEvent()[pri:2, instance:com.bitrix24.qa.testcases.CalendarPageTest@7085bdee]" name="verifyusercancreatenewEvent" duration-ms="3927" started-at="2020-07-16T17:18:00 EDT" finished-at="2020-07-16T17:18:04 EDT">
          <reporter-output>
          </reporter-output>
        </test-method> <!-- verifyusercancreatenewEvent -->
        <test-method status="PASS" signature="tearDown()[pri:0, instance:com.bitrix24.qa.testcases.CalendarPageTest@7085bdee]" name="tearDown" is-config="true" duration-ms="847" started-at="2020-07-16T17:18:04 EDT" finished-at="2020-07-16T17:18:04 EDT">
          <reporter-output>
          </reporter-output>
        </test-method> <!-- tearDown -->
      </class> <!-- com.bitrix24.qa.testcases.CalendarPageTest -->
      <class name="com.bitrix24.qa.testcases.HomePageTest">
        <test-method status="PASS" signature="Setup()[pri:0, instance:com.bitrix24.qa.testcases.HomePageTest@1ce92674]" name="Setup" is-config="true" duration-ms="23091" started-at="2020-07-16T17:18:04 EDT" finished-at="2020-07-16T17:18:28 EDT">
          <reporter-output>
          </reporter-output>
        </test-method> <!-- Setup -->
        <test-method status="PASS" signature="verifyTiitle()[pri:1, instance:com.bitrix24.qa.testcases.HomePageTest@1ce92674]" name="verifyTiitle" duration-ms="5" started-at="2020-07-16T17:18:28 EDT" finished-at="2020-07-16T17:18:28 EDT">
          <reporter-output>
          </reporter-output>
        </test-method> <!-- verifyTiitle -->
        <test-method status="PASS" signature="tearDown()[pri:0, instance:com.bitrix24.qa.testcases.HomePageTest@1ce92674]" name="tearDown" is-config="true" duration-ms="724" started-at="2020-07-16T17:18:28 EDT" finished-at="2020-07-16T17:18:28 EDT">
          <reporter-output>
          </reporter-output>
        </test-method> <!-- tearDown -->
        <test-method status="PASS" signature="Setup()[pri:0, instance:com.bitrix24.qa.testcases.HomePageTest@1ce92674]" name="Setup" is-config="true" duration-ms="19947" started-at="2020-07-16T17:18:28 EDT" finished-at="2020-07-16T17:18:48 EDT">
          <reporter-output>
          </reporter-output>
        </test-method> <!-- Setup -->
        <test-method status="PASS" signature="validateCRMLink()[pri:2, instance:com.bitrix24.qa.testcases.HomePageTest@1ce92674]" name="validateCRMLink" duration-ms="3480" started-at="2020-07-16T17:18:48 EDT" finished-at="2020-07-16T17:18:52 EDT">
          <reporter-output>
          </reporter-output>
        </test-method> <!-- validateCRMLink -->
        <test-method status="PASS" signature="tearDown()[pri:0, instance:com.bitrix24.qa.testcases.HomePageTest@1ce92674]" name="tearDown" is-config="true" duration-ms="892" started-at="2020-07-16T17:18:52 EDT" finished-at="2020-07-16T17:18:53 EDT">
          <reporter-output>
          </reporter-output>
        </test-method> <!-- tearDown -->
      </class> <!-- com.bitrix24.qa.testcases.HomePageTest -->
      <class name="com.bitrix24.qa.testcases.LogInPageTest">
        <test-method status="PASS" signature="setup()[pri:0, instance:com.bitrix24.qa.testcases.LogInPageTest@5700d6b1]" name="setup" is-config="true" duration-ms="7801" started-at="2020-07-16T17:18:53 EDT" finished-at="2020-07-16T17:19:00 EDT">
          <reporter-output>
          </reporter-output>
        </test-method> <!-- setup -->
        <test-method status="PASS" signature="validateLoginpage()[pri:0, instance:com.bitrix24.qa.testcases.LogInPageTest@5700d6b1]" name="validateLoginpage" duration-ms="14800" started-at="2020-07-16T17:19:00 EDT" finished-at="2020-07-16T17:19:15 EDT">
          <reporter-output>
          </reporter-output>
        </test-method> <!-- validateLoginpage -->
        <test-method status="PASS" signature="tearDown()[pri:0, instance:com.bitrix24.qa.testcases.LogInPageTest@5700d6b1]" name="tearDown" is-config="true" duration-ms="928" started-at="2020-07-16T17:19:15 EDT" finished-at="2020-07-16T17:19:16 EDT">
          <reporter-output>
          </reporter-output>
        </test-method> <!-- tearDown -->
      </class> <!-- com.bitrix24.qa.testcases.LogInPageTest -->
    </test> <!-- Surefire test -->
  </suite> <!-- Surefire suite -->
</testng-results>
