<?xml version="1.0" encoding="UTF-8"?>
<testng-results skipped="0" failed="0" ignored="0" total="3" passed="3">
  <reporter-output>
  </reporter-output>
  <suite name="Surefire suite" duration-ms="91174" started-at="2020-07-17T18:50:06 EDT" finished-at="2020-07-17T18:51:37 EDT">
    <groups>
    </groups>
    <test name="Surefire test" duration-ms="91174" started-at="2020-07-17T18:50:06 EDT" finished-at="2020-07-17T18:51:37 EDT">
      <class name="com.bitrix24.qa.testcases.CalendarPageTest">
        <test-method status="PASS" signature="Setup()[pri:0, instance:com.bitrix24.qa.testcases.CalendarPageTest@7085bdee]" name="Setup" is-config="true" duration-ms="26246" started-at="2020-07-17T18:50:06 EDT" finished-at="2020-07-17T18:50:32 EDT">
          <reporter-output>
          </reporter-output>
        </test-method> <!-- Setup -->
        <test-method status="PASS" signature="verifyusercancreatenewEvent()[pri:1, instance:com.bitrix24.qa.testcases.CalendarPageTest@7085bdee]" name="verifyusercancreatenewEvent" duration-ms="5207" started-at="2020-07-17T18:50:32 EDT" finished-at="2020-07-17T18:50:38 EDT">
          <reporter-output>
          </reporter-output>
        </test-method> <!-- verifyusercancreatenewEvent -->
        <test-method status="PASS" signature="tearDown()[pri:0, instance:com.bitrix24.qa.testcases.CalendarPageTest@7085bdee]" name="tearDown" is-config="true" duration-ms="743" started-at="2020-07-17T18:50:38 EDT" finished-at="2020-07-17T18:50:38 EDT">
          <reporter-output>
          </reporter-output>
        </test-method> <!-- tearDown -->
      </class> <!-- com.bitrix24.qa.testcases.CalendarPageTest -->
      <class name="com.bitrix24.qa.testcases.HomePageTest">
        <test-method status="PASS" signature="Setup()[pri:0, instance:com.bitrix24.qa.testcases.HomePageTest@1ce92674]" name="Setup" is-config="true" duration-ms="26962" started-at="2020-07-17T18:50:38 EDT" finished-at="2020-07-17T18:51:05 EDT">
          <reporter-output>
          </reporter-output>
        </test-method> <!-- Setup -->
        <test-method status="PASS" signature="clickCRM()[pri:1, instance:com.bitrix24.qa.testcases.HomePageTest@1ce92674]" name="clickCRM" duration-ms="3394" started-at="2020-07-17T18:51:05 EDT" finished-at="2020-07-17T18:51:09 EDT">
          <reporter-output>
          </reporter-output>
        </test-method> <!-- clickCRM -->
        <test-method status="PASS" signature="tearDown()[pri:0, instance:com.bitrix24.qa.testcases.HomePageTest@1ce92674]" name="tearDown" is-config="true" duration-ms="757" started-at="2020-07-17T18:51:09 EDT" finished-at="2020-07-17T18:51:09 EDT">
          <reporter-output>
          </reporter-output>
        </test-method> <!-- tearDown -->
      </class> <!-- com.bitrix24.qa.testcases.HomePageTest -->
      <class name="com.bitrix24.qa.testcases.LogInPageTest">
        <test-method status="PASS" signature="setup()[pri:0, instance:com.bitrix24.qa.testcases.LogInPageTest@5700d6b1]" name="setup" is-config="true" duration-ms="8771" started-at="2020-07-17T18:51:09 EDT" finished-at="2020-07-17T18:51:18 EDT">
          <reporter-output>
          </reporter-output>
        </test-method> <!-- setup -->
        <test-method status="PASS" signature="validateLoginpage()[pri:0, instance:com.bitrix24.qa.testcases.LogInPageTest@5700d6b1]" name="validateLoginpage" duration-ms="18231" started-at="2020-07-17T18:51:18 EDT" finished-at="2020-07-17T18:51:36 EDT">
          <reporter-output>
          </reporter-output>
        </test-method> <!-- validateLoginpage -->
        <test-method status="PASS" signature="tearDown()[pri:0, instance:com.bitrix24.qa.testcases.LogInPageTest@5700d6b1]" name="tearDown" is-config="true" duration-ms="800" started-at="2020-07-17T18:51:36 EDT" finished-at="2020-07-17T18:51:37 EDT">
          <reporter-output>
          </reporter-output>
        </test-method> <!-- tearDown -->
      </class> <!-- com.bitrix24.qa.testcases.LogInPageTest -->
    </test> <!-- Surefire test -->
  </suite> <!-- Surefire suite -->
</testng-results>
