<?xml version="1.0" encoding="UTF-8"?>
<testng-results skipped="0" failed="0" ignored="0" total="6" passed="6">
  <reporter-output>
  </reporter-output>
  <suite name="Suite" duration-ms="163245" started-at="2020-07-16T19:58:22 EDT" finished-at="2020-07-16T20:01:06 EDT">
    <groups>
    </groups>
    <test name="Test" duration-ms="163245" started-at="2020-07-16T19:58:22 EDT" finished-at="2020-07-16T20:01:06 EDT">
      <class name="com.bitrix24.qa.testcases.CRMPagetest">
        <test-method status="PASS" signature="Setup()[pri:0, instance:com.bitrix24.qa.testcases.CRMPagetest@e320068]" name="Setup" is-config="true" duration-ms="24434" started-at="2020-07-16T19:59:17 EDT" finished-at="2020-07-16T19:59:41 EDT">
          <reporter-output>
          </reporter-output>
        </test-method> <!-- Setup -->
        <test-method status="PASS" signature="validatecrmtabisClicked()[pri:0, instance:com.bitrix24.qa.testcases.CRMPagetest@e320068]" name="validatecrmtabisClicked" duration-ms="8777" started-at="2020-07-16T19:59:41 EDT" finished-at="2020-07-16T19:59:50 EDT">
          <reporter-output>
          </reporter-output>
        </test-method> <!-- validatecrmtabisClicked -->
        <test-method status="PASS" signature="tearDown()[pri:0, instance:com.bitrix24.qa.testcases.CRMPagetest@e320068]" name="tearDown" is-config="true" duration-ms="1155" started-at="2020-07-16T19:59:50 EDT" finished-at="2020-07-16T19:59:51 EDT">
          <reporter-output>
          </reporter-output>
        </test-method> <!-- tearDown -->
      </class> <!-- com.bitrix24.qa.testcases.CRMPagetest -->
      <class name="com.bitrix24.qa.testcases.CalendarPageTest">
        <test-method status="PASS" signature="Setup()[pri:0, instance:com.bitrix24.qa.testcases.CalendarPageTest@536aaa8d]" name="Setup" is-config="true" duration-ms="25522" started-at="2020-07-16T19:58:22 EDT" finished-at="2020-07-16T19:58:48 EDT">
          <reporter-output>
          </reporter-output>
        </test-method> <!-- Setup -->
        <test-method status="PASS" signature="verifyuserisinCalendarPage()[pri:1, instance:com.bitrix24.qa.testcases.CalendarPageTest@536aaa8d]" name="verifyuserisinCalendarPage" duration-ms="19" started-at="2020-07-16T19:58:48 EDT" finished-at="2020-07-16T19:58:48 EDT">
          <reporter-output>
          </reporter-output>
        </test-method> <!-- verifyuserisinCalendarPage -->
        <test-method status="PASS" signature="tearDown()[pri:0, instance:com.bitrix24.qa.testcases.CalendarPageTest@536aaa8d]" name="tearDown" is-config="true" duration-ms="1184" started-at="2020-07-16T19:58:48 EDT" finished-at="2020-07-16T19:58:49 EDT">
          <reporter-output>
          </reporter-output>
        </test-method> <!-- tearDown -->
        <test-method status="PASS" signature="Setup()[pri:0, instance:com.bitrix24.qa.testcases.CalendarPageTest@536aaa8d]" name="Setup" is-config="true" duration-ms="21288" started-at="2020-07-16T19:58:49 EDT" finished-at="2020-07-16T19:59:10 EDT">
          <reporter-output>
          </reporter-output>
        </test-method> <!-- Setup -->
        <test-method status="PASS" signature="verifyusercancreatenewEvent()[pri:2, instance:com.bitrix24.qa.testcases.CalendarPageTest@536aaa8d]" name="verifyusercancreatenewEvent" duration-ms="5409" started-at="2020-07-16T19:59:10 EDT" finished-at="2020-07-16T19:59:16 EDT">
          <reporter-output>
          </reporter-output>
        </test-method> <!-- verifyusercancreatenewEvent -->
        <test-method status="PASS" signature="tearDown()[pri:0, instance:com.bitrix24.qa.testcases.CalendarPageTest@536aaa8d]" name="tearDown" is-config="true" duration-ms="836" started-at="2020-07-16T19:59:16 EDT" finished-at="2020-07-16T19:59:17 EDT">
          <reporter-output>
          </reporter-output>
        </test-method> <!-- tearDown -->
      </class> <!-- com.bitrix24.qa.testcases.CalendarPageTest -->
      <class name="com.bitrix24.qa.testcases.HomePageTest">
        <test-method status="PASS" signature="Setup()[pri:0, instance:com.bitrix24.qa.testcases.HomePageTest@1f57539]" name="Setup" is-config="true" duration-ms="21734" started-at="2020-07-16T19:59:51 EDT" finished-at="2020-07-16T20:00:13 EDT">
          <reporter-output>
          </reporter-output>
        </test-method> <!-- Setup -->
        <test-method status="PASS" signature="verifyTiitle()[pri:1, instance:com.bitrix24.qa.testcases.HomePageTest@1f57539]" name="verifyTiitle" duration-ms="6" started-at="2020-07-16T20:00:13 EDT" finished-at="2020-07-16T20:00:13 EDT">
          <reporter-output>
          </reporter-output>
        </test-method> <!-- verifyTiitle -->
        <test-method status="PASS" signature="tearDown()[pri:0, instance:com.bitrix24.qa.testcases.HomePageTest@1f57539]" name="tearDown" is-config="true" duration-ms="775" started-at="2020-07-16T20:00:13 EDT" finished-at="2020-07-16T20:00:14 EDT">
          <reporter-output>
          </reporter-output>
        </test-method> <!-- tearDown -->
        <test-method status="PASS" signature="Setup()[pri:0, instance:com.bitrix24.qa.testcases.HomePageTest@1f57539]" name="Setup" is-config="true" duration-ms="20759" started-at="2020-07-16T20:00:14 EDT" finished-at="2020-07-16T20:00:34 EDT">
          <reporter-output>
          </reporter-output>
        </test-method> <!-- Setup -->
        <test-method status="PASS" signature="validateCRMLink()[pri:2, instance:com.bitrix24.qa.testcases.HomePageTest@1f57539]" name="validateCRMLink" duration-ms="1924" started-at="2020-07-16T20:00:34 EDT" finished-at="2020-07-16T20:00:36 EDT">
          <reporter-output>
          </reporter-output>
        </test-method> <!-- validateCRMLink -->
        <test-method status="PASS" signature="tearDown()[pri:0, instance:com.bitrix24.qa.testcases.HomePageTest@1f57539]" name="tearDown" is-config="true" duration-ms="948" started-at="2020-07-16T20:00:36 EDT" finished-at="2020-07-16T20:00:37 EDT">
          <reporter-output>
          </reporter-output>
        </test-method> <!-- tearDown -->
      </class> <!-- com.bitrix24.qa.testcases.HomePageTest -->
      <class name="com.bitrix24.qa.testcases.LogInPageTest">
        <test-method status="PASS" signature="setup()[pri:0, instance:com.bitrix24.qa.testcases.LogInPageTest@76f2b07d]" name="setup" is-config="true" duration-ms="9249" started-at="2020-07-16T20:00:37 EDT" finished-at="2020-07-16T20:00:46 EDT">
          <reporter-output>
          </reporter-output>
        </test-method> <!-- setup -->
        <test-method status="PASS" signature="validateLoginpage()[pri:0, instance:com.bitrix24.qa.testcases.LogInPageTest@76f2b07d]" name="validateLoginpage" duration-ms="18376" started-at="2020-07-16T20:00:46 EDT" finished-at="2020-07-16T20:01:05 EDT">
          <reporter-output>
          </reporter-output>
        </test-method> <!-- validateLoginpage -->
        <test-method status="PASS" signature="tearDown()[pri:0, instance:com.bitrix24.qa.testcases.LogInPageTest@76f2b07d]" name="tearDown" is-config="true" duration-ms="805" started-at="2020-07-16T20:01:05 EDT" finished-at="2020-07-16T20:01:06 EDT">
          <reporter-output>
          </reporter-output>
        </test-method> <!-- tearDown -->
      </class> <!-- com.bitrix24.qa.testcases.LogInPageTest -->
    </test> <!-- Test -->
  </suite> <!-- Suite -->
</testng-results>
